Starting Dynare (version 4.5.7).
Starting preprocessing of the model file ...
Found 52 equation(s).
Evaluating expressions...done
Computing static model derivatives:
 - order 1
Computing dynamic model derivatives:
 - order 1
 - order 2
Processing outputs ...
done
Preprocessing completed.




Residuals of the static equations:

Equation number 1 : 0
Equation number 2 : 0
Equation number 3 : 0
Equation number 4 : 0
Equation number 5 : 0
Equation number 6 : 0
Equation number 7 : 0
Equation number 8 : 0
Equation number 9 : 0
Equation number 10 : 0
Equation number 11 : 0
Equation number 12 : 0
Equation number 13 : 0
Equation number 14 : 0
Equation number 15 : 0
Equation number 16 : 0
Equation number 17 : 0
Equation number 18 : 0
Equation number 19 : 0
Equation number 20 : 0
Equation number 21 : 0
Equation number 22 : 0
Equation number 23 : 0
Equation number 24 : 0
Equation number 25 : 0
Equation number 26 : 0
Equation number 27 : 0
Equation number 28 : 0
Equation number 29 : 0
Equation number 30 : 0
Equation number 31 : 0
Equation number 32 : 0
Equation number 33 : 0
Equation number 34 : 0
Equation number 35 : 0
Equation number 36 : 0
Equation number 37 : 0
Equation number 38 : 0
Equation number 39 : 0
Equation number 40 : 0
Equation number 41 : 0
Equation number 42 : 0
Equation number 43 : 0
Equation number 44 : 0
Equation number 45 : 0
Equation number 46 : 0
Equation number 47 : 0
Equation number 48 : 0
Equation number 49 : 0
Equation number 50 : 0
Equation number 51 : 0
Equation number 52 : 0


[Warning: Some of the parameters have no value (CBBSp) when using steady. If these parameters are not initialized in a steadystate file or a steady_state_model-block, Dynare
may not be able to solve the model...] 

STEADY-STATE RESULTS:

ch      		 3.38418
Ce      		 0.162422
Cb      		 0.0216046
H       		 1.40068
Y       		 4.27049
I       		 1.01532
bigN    		 0.38089
bigA    		 0.0506661
smallb  		 0.15731
q       		 1.19476
rk      		 0.0298991
infl    		 1.00496
w_h     		 1.95128
w_e     		 3.05035e-05
w_b     		 7.11749e-05
Rd      		 1.01001
Ra      		 1.42137
lam     		 0.298236
mu      		 0.025
p       		 0.861069
TL      		 0.63443
mc      		 0.528314
s       		 0.833333
mgrowth 		 1.00496
expinfl 		 1.00496
smalld  		 20.3049
gY      		 1
totC    		 3.22979
u       		 1
keff    		 51.4189
K       		 51.4189
Kb      		 0.042193
Ke      		 0.317204
ptilde  		 1.00496
nump    		 2.71302
denp    		 3.23954
wtilde  		 1.95066
numw    		 8.74419
denw    		 4.16378
lz      		 0
lmp     		 0
lbk     		 0
log_y   		 1.45173
log_I   		 0.0152046
gammag  		 12.5218
alpha   		 0.993
rnot    		 1.01001
CBBS    		 0
lqe     		 0
util    		 0.041186
welf    		 0.0821661
BVaR    		 0.0791772

EIGENVALUES:
         Modulus             Real        Imaginary

               0                0                0
               0                0                0
       4.688e-15        4.688e-15                0
           0.576           0.5743          0.04308
           0.576           0.5743         -0.04308
            0.67             0.67                0
          0.8658           0.8322           0.2389
          0.8658           0.8322          -0.2389
          0.8937           0.8937                0
             0.9              0.9                0
             0.9              0.9                0
            0.95             0.95                0
           0.967            0.967                0
            1.03             1.03                0
           1.105            1.105                0
           1.281            1.281                0
            1.57             1.57                0
           1.574            1.569           0.1212
           1.574            1.569          -0.1212
           1.675            1.675                0
       4.726e+18        4.726e+18                0
       4.324e+24       -4.324e+24                0
             Inf              Inf                0
             Inf              Inf                0
             Inf              Inf                0


There are 12 eigenvalue(s) larger than 1 in modulus 
for 12 forward-looking variable(s)

The rank condition is verified.


OPTIMAL SIMPLE RULE


OSR: Initial value of the objective function: 1.68404 

  n=1: (2,4)-CMA-ES(w=[80 20]%, mu_eff=1.5) on function osr_obj
Iterat, #Fevals:   Function Value    (median,worst) |Axis Ratio|idx:Min SD idx:Max SD
    1 ,      5 : 1.6824838157967e+00 +(2e-03,5e-03) | 1.00e+00 |  1:1.3e-02  1:1.3e-02
    2 ,      9 : 1.6824559860536e+00 +(8e-04,3e-03) | 1.00e+00 |  1:1.1e-02  1:1.1e-02
   10 ,     41 : 1.6590410721256e+00 +(2e-02,2e-02) | 1.00e+00 |  1:1.3e-01  1:1.3e-01
   20 ,     81 : 1.2246617702220e+00 +(1e-01,2e-01) | 1.00e+00 |  1:2.1e+00  1:2.1e+00
   23 ,     93 : 4.7500273407000e-01 +(2e-01,7e-01) | 1.00e+00 |  1:2.1e+01  1:2.1e+01
#Fevals:   f(returned x)   |    bestever.f     | stopflag (saved to variablescmaes.mat)
     94: 4.75002734070e-01 | 4.75002734070e-01 | tolupx
mean solution: -3.1e+01
std deviation:  2.1e+01
use plotcmaesdat.m for plotting the output at any time (option LogModulo must not be zero)

OPTIMAL VALUE OF THE PARAMETERS:

        omega            -32.4588

Objective function :         0.475003


[Warning: Some of the parameters have no value (CBBSp) when using stoch_simul. If these parameters are not initialized in a steadystate file or a steady_state_model-block,
Dynare may not be able to solve the model...] 

MODEL SUMMARY

  Number of variables:         52
  Number of stochastic shocks: 5
  Number of state variables:   13
  Number of jumpers:           12
  Number of static variables:  29


MATRIX OF COVARIANCE OF EXOGENOUS SHOCKS
Variables              z_shk        mp_shk        bk_shk        qe_shk  macropru_shk
z_shk               0.000100      0.000000      0.000000      0.000000      0.000000
mp_shk              0.000000      0.000100      0.000000      0.000000      0.000000
bk_shk              0.000000      0.000000      1.322500      0.000000      0.000000
qe_shk              0.000000      0.000000      0.000000      0.000000      0.000000
macropru_shk        0.000000      0.000000      0.000000      0.000000      0.000100

POLICY AND TRANSITION FUNCTIONS
                                  ch              Ce              Cb               H               Y               I            bigN            bigA          smallb               q              rk            infl             w_h             w_e             w_b              Rd              Ra             lam              mu               p              TL              mc               s         mgrowth         expinfl          smalld              gY            totC               u            keff               K              Kb              Ke          ptilde            nump            denp          wtilde            numw            denw              lz             lmp             lbk           log_y           log_I          gammag           alpha            rnot            CBBS             lqe            util            welf            BVaR
Constant                    3.384182        0.162422        0.021605        1.400679        4.270494        1.015321        0.380890        0.050666        0.157310        1.194763        0.029899        1.004963        1.951277        0.000031        0.000071        1.010013        1.421369        0.298236        0.025000        0.861069        0.634430        0.528314        0.833333        1.004963        1.004963       20.304907        1.000000        3.229790        1.000000       51.418892       51.418892        0.042193        0.317204        1.004963        2.713016        3.239542        1.950657        8.744189        4.163777               0               0               0        1.451730        0.015205       12.521783        0.993000        1.010013               0               0        0.041186        0.082166        0.079177
Y(-1)                              0               0               0               0               0               0               0               0               0               0               0               0               0               0               0               0               0               0               0               0               0               0               0               0               0               0       -0.234165               0               0               0               0               0               0               0               0               0               0               0               0               0               0               0               0               0               0               0               0               0               0               0               0               0
w_h(-1)                    -0.322301       -0.084448       -0.001269       -0.285353       -0.521435       -0.144156       -0.055673       -0.007405       -0.035713       -0.180317        0.001197        0.081551        0.630858        0.000004        0.000009        0.015163        0.124253        0.067261        0.002081        0.773554       -0.088483       -0.444568        0.184443       -0.821273        0.103453       -2.752294       -0.122102       -0.375788        0.080094        4.089540       -0.146010        0.003890       -0.117050        0.203879        1.608330        1.263254        0.414318        6.768597        2.338664               0               0               0       -0.122102       -0.141981        0.083744               0        0.015163               0               0       -0.287410       -0.611012        0.018541
p(-1)                              0               0               0               0               0               0               0               0               0               0               0               0               0               0               0               0               0               0               0               0               0               0               0        1.167111               0               0               0               0               0               0               0               0               0               0               0               0               0               0               0               0               0               0               0               0               0               0               0               0               0               0               0               0
K(-1)                       0.006419       -0.000359       -0.000002       -0.002671        0.004928       -0.000486       -0.000313       -0.000042       -0.000167       -0.000801       -0.000202       -0.000645        0.002397               0               0       -0.000120        0.001042       -0.001479        0.000010       -0.006837       -0.000173        0.004755       -0.001367        0.007335       -0.000849       -0.004448        0.001154        0.005416       -0.013481        0.311676        0.979508        0.000025       -0.000489       -0.001613       -0.021398       -0.020351        0.003176        0.033487        0.009166               0               0               0        0.001154       -0.000478        0.006878               0       -0.000120               0               0        0.005691        0.011799        0.000084
Kb(-1)                     -0.279203        0.493334        0.297975        3.766033       12.038211       11.148096       -0.092863        1.188419       -1.206572       -0.325559        0.026276        0.100045       -0.125947        0.000080        0.000187        0.018601      -13.735641        0.051606        0.070309       -6.881476       11.240959       -5.295049        0.229224        8.131494        0.125950      346.754268        2.818927        0.540027        1.757640       89.744201       11.291461        0.593433        1.049901        0.250112        7.914026        8.643687        0.189674        3.250110        1.142758               0               0               0        2.818927       10.979876      -71.846164               0        0.018601               0               0       -0.249937       -0.545074        0.244248
Ke(-1)                     -0.071232        0.385960        0.016208        0.494817        1.577667        1.220565        1.180166       -0.002739        0.193888       -0.069760        0.003420        0.017102       -0.022949        0.000010        0.000024        0.003180        1.143196        0.013089       -0.011298        0.101881        0.040399       -0.128448        0.028038       -0.101805        0.025159        2.072706        0.369434        0.338059        0.228738       11.679243        1.236262        0.034118        0.772288        0.042754        1.416842        1.553994        0.028481        0.544003        0.198247               0               0               0        0.369434        1.202147        1.474400               0        0.003180               0               0       -0.063478       -0.138422       -0.031159
lz(-1)                      1.681898        0.367185        0.006050       -0.892773        2.537955        0.643903        0.244756        0.032556        0.151935        0.789351       -0.001958       -0.270216        0.862136       -0.000006       -0.000014       -0.050241       -0.515260       -0.369715       -0.008853       -2.838954        0.399147        1.563956       -0.575671        3.043159       -0.354336       12.456634        0.594300        1.886944       -0.130980       -6.687781        0.652183       -0.016060        0.507532       -0.675541       -5.927436       -4.900161        0.937126       10.605283        3.049643        0.950000               0               0        0.594300        0.634187       -0.168010               0       -0.050241               0               0        1.494652        3.136587       -0.080350
lbk(-1)                    -0.059361       -0.005217        0.010947        0.110033        0.347703        0.382535       -0.019998        0.042938       -0.055752       -0.065082        0.000735        0.006165       -0.010071        0.000002        0.000005        0.001146       -0.484332        0.011862        0.003249       -0.212997        0.402533       -0.212184        0.004621        0.254756        0.010857       12.415255        0.081420       -0.047694        0.049159        2.510054        0.387455        0.023678        0.007091        0.015414        0.625430        0.697123        0.005276        0.195798        0.081972               0               0        0.900000        0.081420        0.376763       -2.666927               0        0.001146               0               0       -0.052630       -0.112671        0.014602
rnot(-1)                   -3.228983       -2.468925       -0.026371       -2.894095       -9.318753       -3.886389       -1.589757       -0.211466       -1.118522       -5.092873       -0.020745       -0.297225       -0.010891       -0.000063       -0.000147        0.844737        4.197411        1.339811        0.065178       37.949010       -2.296632      -23.660426       -0.211127      -44.587945       -0.527194      -70.538324       -2.182125       -5.401381       -1.387660      -70.853216       -3.936368        0.128353       -3.469595       -0.743062       -7.803453       -6.922607       -1.632800      -14.876547       -3.598568               0               0               0       -2.182125       -3.827745        6.933573               0        0.844737               0               0       -3.010295       -5.045984        0.543929
lqe(-1)                    -0.275965        0.186327        0.010539        0.224502        0.699477        0.738598       -0.086400       -0.011492        0.102813       -0.279386        0.001418        0.016817       -0.036368        0.000004        0.000010        0.003127        1.015759        0.058145       -0.005991        0.245579        0.824998       -0.117299        0.004291       -0.269802        0.032321       -1.704264        0.163793       -0.051503        0.094871        4.844046        0.748096        0.030449        0.438066        0.042041        2.104176        2.377020       -0.010318        0.426543        0.225135               0               0               0        0.163793        0.727453        1.359902               0        0.003127        0.210748        0.900000       -0.244290       -0.516732       -0.000459
ch(-1)                      0.635508       -0.002835        0.000675        0.184940        0.590752        0.020162       -0.001926       -0.000256       -0.004881       -0.007509        0.001287        0.004490       -0.006840        0.000004        0.000009        0.000835        0.051573        0.003009        0.000284        0.021116        0.022087       -0.036427        0.011044       -0.020155        0.005407        0.771200        0.138333        0.569798        0.086088        4.395609        0.020421        0.001583       -0.003543        0.011226        0.351494        0.383522        0.005217        0.102739        0.037787               0               0               0        0.138333        0.019857        0.499182               0        0.000835               0               0        0.011482        0.012654        0.001398
infl(-1)                   -1.362723       -0.520322       -0.006818       -0.814528       -2.620201       -0.858598       -0.340686       -0.045318       -0.227402       -1.090005       -0.005818        0.729328        0.000933       -0.000018       -0.000041        0.135604        0.822733        0.338323        0.013251        6.365536       -0.517912       -3.848571       -0.058122       -6.699961        0.476223      -16.020197       -0.613559       -1.753591       -0.389177      -19.871198       -0.869640        0.025177       -0.726780        0.323321        6.823623        7.105673        0.484225        9.454043        3.468190               0               0               0       -0.613559       -0.845642        0.977848               0        0.135604               0               0       -1.228614       -2.507480        0.114202
z_shk                      -1.770419       -0.386511       -0.006369        0.939762       -2.671532       -0.677792       -0.257638       -0.034269       -0.159931       -0.830896        0.002061        0.284438       -0.907511        0.000006        0.000015        0.052886        0.542379        0.389174        0.009319        2.988373       -0.420154       -1.646270        0.605969       -3.203325        0.372985      -13.112247       -0.625579       -1.986257        0.137874        7.039769       -0.686509        0.016905       -0.534244        0.711096        6.239406        5.158064       -0.986448      -11.163456       -3.210150       -1.000000               0               0       -0.625579       -0.667565        0.176853               0        0.052886               0               0       -1.573318       -3.301671        0.084579
mp_shk                     -3.623683       -2.770718       -0.029595       -3.247860      -10.457846       -4.361448       -1.784083       -0.237315       -1.255246       -5.715408       -0.023281       -0.333556       -0.012222       -0.000071       -0.000165        0.947995        4.710489        1.503585        0.073145       42.587769       -2.577365      -26.552596       -0.236935      -50.038225       -0.591636      -79.160691       -2.448861       -6.061627       -1.557283      -79.514074       -4.417536        0.144042       -3.893707       -0.833891       -8.757320       -7.768803       -1.832388      -16.695006       -4.038444               0        1.000000               0       -2.448861       -4.295635        7.781110               0        0.947995               0               0       -3.378263       -5.662788        0.610417
bk_shk                      0.065956        0.005796       -0.012164       -0.122259       -0.386337       -0.425039        0.022220       -0.047709        0.061947        0.072313       -0.000817       -0.006851        0.011190       -0.000002       -0.000006       -0.001274        0.538147       -0.013180       -0.003610        0.236663       -0.447259        0.235760       -0.005135       -0.283063       -0.012063      -13.794728       -0.090467        0.052993       -0.054622       -2.788949       -0.430505       -0.026309       -0.007879       -0.017126       -0.694922       -0.774581       -0.005862       -0.217553       -0.091080               0               0       -1.000000       -0.090467       -0.418626        2.963252               0       -0.001274               0               0        0.058478        0.125190       -0.016224
qe_shk                     -0.306628        0.207030        0.011710        0.249446        0.777197        0.820664       -0.096000       -0.012769        0.114236       -0.310429        0.001576        0.018685       -0.040408        0.000005        0.000011        0.003474        1.128621        0.064606       -0.006657        0.272866        0.916664       -0.130333        0.004767       -0.299780        0.035912       -1.893626        0.181992       -0.057226        0.105412        5.382274        0.831218        0.033832        0.486740        0.046713        2.337974        2.641133       -0.011465        0.473936        0.250150               0               0               0        0.181992        0.808281        1.511002               0        0.003474        0.234165        1.000000       -0.271433       -0.574147       -0.000510
macropru_shk                0.000788       -0.000407       -0.001068       -0.012394       -0.039633       -0.037614        0.000274        0.000036        0.005306        0.000969       -0.000087       -0.000314        0.000390               0               0       -0.000058       -0.071256       -0.000146       -0.000309        0.026459       -0.037887        0.019575       -0.000762       -0.031194       -0.000382       -1.305934       -0.009281       -0.000765       -0.005793       -0.295774       -0.038097       -0.002119       -0.001052       -0.000786       -0.024617       -0.026862       -0.000611       -0.010253       -0.003579               0               0               0       -0.009281       -0.037046       -0.756781               0       -0.000058               0               0        0.000706        0.001541       -0.001043


THEORETICAL MOMENTS
VARIABLE         MEAN  STD. DEV.   VARIANCE
ch             3.3842     0.9821     0.9645
Ce             0.1624     0.1363     0.0186
Cb             0.0216     0.0840     0.0071
H              1.4007     0.7672     0.5886
Y              4.2705     2.8230     7.9692
I              1.0153     3.0539     9.3266
bigN           0.3809     0.3138     0.0985
bigA           0.0507     0.3173     0.1007
smallb         0.1573     0.3897     0.1519
q              1.1948     0.5055     0.2555
rk             0.0299     0.0104     0.0001
infl           1.0050     0.0472     0.0022
w_h            1.9513     0.3753     0.1408
w_e            0.0000     0.0000     0.0000
w_b            0.0001     0.0000     0.0000
Rd             1.0100     0.0448     0.0020
Ra             1.4214     3.3878    11.4771
lam            0.2982     0.0997     0.0099
mu             0.0250     0.0227     0.0005
p              0.8611     1.0916     1.1915
TL             0.6344     2.9817     8.8903
mc             0.5283     2.4723     6.1122
s              0.8333     0.0181     0.0003
mgrowth        1.0050     0.6766     0.4578
expinfl        1.0050     0.0463     0.0021
smalld        20.3049    92.0997  8482.3637
gY             1.0000     0.1360     0.0185
totC           3.2298     0.7913     0.6262
u              1.0000     0.6937     0.4812
keff          51.4189    35.6569  1271.4176
K             51.4189    63.4857  4030.4357
Kb             0.0422     0.1813     0.0329
Ke             0.3172     0.2961     0.0877
ptilde         1.0050     0.0552     0.0031
nump           2.7130     2.7374     7.4932
denp           3.2395     3.1293     9.7928
wtilde         1.9507     0.3614     0.1306
numw           8.7442     4.8992    24.0020
denw           4.1638     1.5711     2.4685
lz             0.0000     0.0320     0.0010
lmp            0.0000     0.0100     0.0001
lbk            0.0000     2.6383     6.9605
log_y          1.4517     0.6610     0.4370
log_I          0.0152     3.0079     9.0472
gammag        12.5218    19.5825   383.4745
alpha          0.9930     0.0000     0.0000
rnot           1.0100     0.0448     0.0020
CBBS           0.0000     0.0000     0.0000
lqe            0.0000     0.0000     0.0000
util           0.0412     0.3503     0.1227
welf           0.0822     0.6892     0.4750
BVaR           0.0792     0.1051     0.0110



VARIANCE DECOMPOSITION (in percent)
                  z_shk        mp_shk        bk_shk        qe_shk  macropru_shk
ch                 2.70          1.13         96.17          0.00          0.00
Ce                20.00         36.57         43.43          0.00          0.00
Cb                 0.28          0.32         99.40          0.00          0.00
H                  0.82          2.58         96.60          0.00          0.00
Y                  2.40          1.99         95.61          0.00          0.00
I                  0.65          0.79         98.56          0.00          0.00
bigN              20.31         34.65         45.04          0.00          0.00
bigA               0.10          0.12         99.78          0.00          0.00
smallb             0.29          0.97         98.73          0.00          0.00
q                  0.50          2.96         96.54          0.00          0.00
rk                 0.88          0.91         98.22          0.00          0.00
infl               2.54         16.57         80.89          0.00          0.00
w_h                5.74          0.34         93.91          0.00          0.00
w_e                2.33          2.28         95.39          0.00          0.00
w_b                2.33          2.28         95.39          0.00          0.00
Rd                 1.27         10.58         88.15          0.00          0.00
Ra                 0.01          0.12         99.87          0.00          0.00
lam                2.80          4.95         92.25          0.00          0.00
mu                 0.29          0.97         98.73          0.00          0.00
p                  6.05         33.66         60.29          0.00          0.00
TL                 0.13          0.13         99.73          0.00          0.00
mc                 0.32          2.95         96.73          0.00          0.00
s                 16.88         12.46         70.66          0.00          0.00
mgrowth            0.89         64.21         34.90          0.00          0.00
expinfl            2.26         16.67         81.06          0.00          0.00
smalld             0.14          0.14         99.72          0.00          0.00
gY                 0.99          5.28         93.74          0.00          0.00
totC               6.47          4.19         89.34          0.00          0.00
u                  0.88          0.91         98.22          0.00          0.00
keff               1.47          0.87         97.66          0.00          0.00
K                  0.84          0.31         98.85          0.00          0.00
Kb                 0.22          0.31         99.47          0.00          0.00
Ke                14.72         25.04         60.24          0.00          0.00
ptilde             3.55         16.22         80.23          0.00          0.00
nump               0.65          2.86         96.49          0.00          0.00
denp               0.60          2.41         96.99          0.00          0.00
wtilde             6.14          1.34         92.52          0.00          0.00
numw               6.05          1.09         92.87          0.00          0.00
denw               5.94          0.99         93.07          0.00          0.00
lz               100.00          0.00          0.00          0.00          0.00
lmp                0.00        100.00          0.00          0.00          0.00
lbk                0.00          0.00        100.00          0.00          0.00
log_y              2.40          1.99         95.61          0.00          0.00
log_I              0.65          0.79         98.56          0.00          0.00
gammag             0.04          0.09         99.86          0.00          0.00
alpha              1.90          0.44         97.66          0.00          0.00
rnot               1.27         10.58         88.15          0.00          0.00
CBBS               0.00          0.00          0.00        100.00          0.00
lqe                0.00          0.00          0.00        100.00          0.00
util               2.72          2.12         95.16          0.00          0.00
welf               2.68          1.62         95.70          0.00          0.00
BVaR               0.32          1.33         98.35          0.00          0.00



MATRIX OF CORRELATIONS
Variables         ch       Ce       Cb        H        Y        I     bigN     bigA   smallb        q       rk     infl      w_h      w_e      w_b       Rd       Ra      lam       mu        p       TL       mc        s  mgrowth  expinfl   smalld       gY     totC        u     keff        K       Kb       Ke   ptilde     nump     denp   wtilde     numw     denw       lz      lmp      lbk    log_y    log_I   gammag     rnot     util     welf     BVaR
ch            1.0000  -0.4098  -0.5841  -0.6679  -0.3963  -0.6025  -0.4466  -0.5765   0.5052   0.5130  -0.7323  -0.5529   0.7419  -0.3978  -0.3978  -0.7313   0.5619  -0.9798  -0.5052  -0.2802  -0.5701   0.6931  -0.2234   0.0588  -0.4716  -0.5699  -0.0519   0.9844  -0.7323   0.0445   0.3955  -0.5789  -0.6008  -0.3935  -0.6604  -0.6674   0.6097   0.5055   0.4512   0.1477  -0.0369  -0.5311  -0.3963  -0.6025   0.5953  -0.7313   0.9715   0.9604  -0.5092
Ce           -0.4098   1.0000   0.2081   0.4085   0.2266   0.2710   0.9590   0.1744   0.0068   0.0161   0.6343   0.5608  -0.4684   0.2382   0.2382   0.0248  -0.1189   0.3413  -0.0068  -0.2497   0.1767  -0.1158   0.4049  -0.1356   0.5619   0.1781   0.0986  -0.2635   0.6343  -0.1245  -0.4022   0.1867   0.8914   0.5322   0.4100   0.3980  -0.3173  -0.2840  -0.2659   0.3979  -0.2033   0.1397   0.2266   0.2710  -0.1676   0.0248  -0.4240  -0.4478  -0.0098
Cb           -0.5841   0.2081   1.0000   0.9706   0.9714   0.9979   0.2173   0.9991  -0.9765  -0.9642   0.0196   0.6727   0.0653   0.9702   0.9702   0.8606  -0.9938   0.6270   0.9765  -0.3529   0.9992  -0.9630   0.4186  -0.0389   0.6077   0.9993   0.0982  -0.5104   0.0196   0.7750   0.4645   0.9997   0.6240   0.5447   0.9315   0.9419   0.2766   0.3959   0.4520   0.0434  -0.0035   0.9309   0.9714   0.9979  -0.9982   0.8606  -0.5830  -0.5635   0.9755
H            -0.6679   0.4085   0.9706   1.0000   0.9357   0.9820   0.3937   0.9643  -0.9035  -0.8814   0.2158   0.7916  -0.1060   0.9401   0.9401   0.7943  -0.9503   0.6994   0.9035  -0.3900   0.9643  -0.9148   0.5471  -0.0482   0.7443   0.9646   0.1851  -0.5727   0.2158   0.6526   0.2891   0.9649   0.7666   0.6861   0.9809   0.9855   0.1301   0.2512   0.3091   0.0624  -0.0423   0.9218   0.9357   0.9820  -0.9637   0.7943  -0.6872  -0.6782   0.8991
Y            -0.3963   0.2266   0.9714   0.9357   1.0000   0.9708   0.2223   0.9686  -0.9437  -0.9272  -0.1316   0.6534   0.2500   0.9994   0.9994   0.7480  -0.9603   0.4432   0.9437  -0.5124   0.9710  -0.8854   0.4489  -0.0449   0.6045   0.9713   0.1029  -0.3005  -0.1316   0.8743   0.6005   0.9702   0.6239   0.5536   0.8937   0.9020   0.4650   0.5712   0.6197   0.1432  -0.0370   0.9007   1.0000   0.9708  -0.9609   0.7480  -0.4054  -0.3896   0.9412
I            -0.6025   0.2710   0.9979   0.9820   0.9708   1.0000   0.2790   0.9946  -0.9604  -0.9486   0.0608   0.6987   0.0334   0.9703   0.9703   0.8504  -0.9855   0.6405   0.9604  -0.3603   0.9949  -0.9563   0.4365  -0.0502   0.6339   0.9950   0.0999  -0.5204   0.0608   0.7545   0.4307   0.9962   0.6735   0.5693   0.9432   0.9528   0.2509   0.3706   0.4271   0.0692  -0.0143   0.9243   0.9708   1.0000  -0.9933   0.8504  -0.6021  -0.5844   0.9595
bigN         -0.4466   0.9590   0.2173   0.3937   0.2223   0.2790   1.0000   0.1786  -0.0065  -0.0437   0.5933   0.5215  -0.4543   0.2287   0.2287   0.1431  -0.1147   0.3934   0.0065  -0.0523   0.1805  -0.1790   0.2674  -0.2819   0.4692   0.1821  -0.0829  -0.3106   0.5933  -0.1117  -0.3723   0.2009   0.8816   0.4108   0.3766   0.3700  -0.3239  -0.2858  -0.2654   0.3857  -0.0569   0.0948   0.2223   0.2790  -0.1727   0.1431  -0.4448  -0.4578   0.0184
bigA         -0.5765   0.1744   0.9991   0.9643   0.9686   0.9946   0.1786   1.0000  -0.9834  -0.9674   0.0052   0.6602   0.0751   0.9673   0.9673   0.8593  -0.9976   0.6208   0.9834  -0.3571   1.0000  -0.9625   0.4172  -0.0208   0.5989   0.9999   0.1112  -0.5078   0.0052   0.7799   0.4749   0.9992   0.5952   0.5386   0.9266   0.9372   0.2837   0.4027   0.4586   0.0257  -0.0075   0.9371   0.9686   0.9946  -0.9996   0.8593  -0.5759  -0.5562   0.9812
smallb        0.5052   0.0068  -0.9765  -0.9035  -0.9437  -0.9604  -0.0065  -0.9834   1.0000   0.9864   0.1175  -0.5660  -0.1691  -0.9402  -0.9402  -0.8681   0.9909  -0.5633  -1.0000   0.3174  -0.9830   0.9560  -0.3467   0.0002  -0.5026  -0.9828  -0.0899   0.4618   0.1175  -0.8193  -0.5620  -0.9806  -0.4410  -0.4464  -0.8642  -0.8772  -0.3529  -0.4674  -0.5207   0.0434  -0.0322  -0.9243  -0.9437  -0.9604   0.9840  -0.8681   0.5018   0.4772  -0.9986
q             0.5130   0.0161  -0.9642  -0.8814  -0.9272  -0.9486  -0.0437  -0.9674   0.9864   1.0000   0.1374  -0.5413  -0.1760  -0.9210  -0.9210  -0.9140   0.9689  -0.5787  -0.9864   0.2086  -0.9670   0.9714  -0.2705   0.0865  -0.4494  -0.9668   0.0119   0.4734   0.1374  -0.8137  -0.5692  -0.9708  -0.4388  -0.3781  -0.8329  -0.8484  -0.3468  -0.4617  -0.5153   0.0427  -0.1131  -0.8822  -0.9272  -0.9486   0.9681  -0.9140   0.5021   0.4725  -0.9937
rk           -0.7323   0.6343   0.0196   0.2158  -0.1316   0.0608   0.5933   0.0052   0.1175   0.1374   1.0000   0.4114  -0.9585  -0.1180  -0.1180   0.1011   0.0183   0.6909  -0.1175   0.2564  -0.0001  -0.0766   0.2909  -0.0002   0.4271  -0.0000   0.2760  -0.7067   1.0000  -0.5956  -0.8716   0.0042   0.5078   0.4080   0.2810   0.2703  -0.8873  -0.8444  -0.8181   0.0175  -0.0224   0.0819  -0.1316   0.0608  -0.0213   0.1011  -0.7699  -0.7921  -0.1242
infl         -0.5529   0.5608   0.6727   0.7916   0.6534   0.6987   0.5215   0.6602  -0.5660  -0.5413   0.4114   1.0000  -0.2940   0.6721   0.6721   0.4529  -0.6374   0.6101   0.5660  -0.4046   0.6608  -0.5861   0.7881  -0.1703   0.9687   0.6613   0.2913  -0.4496   0.4114   0.3379  -0.0049   0.6619   0.7494   0.9179   0.8607   0.8468  -0.0513   0.0454   0.0927  -0.0608  -0.0706   0.7007   0.6534   0.6987  -0.6583   0.4529  -0.6664  -0.6847   0.5598
w_h           0.7419  -0.4684   0.0653  -0.1060   0.2500   0.0334  -0.4543   0.0751  -0.1691  -0.1760  -0.9585  -0.2940   1.0000   0.2393   0.2393  -0.1127  -0.0907  -0.6898   0.1691  -0.4299   0.0820   0.0405  -0.1594   0.0158  -0.2874   0.0822  -0.1641   0.7549  -0.9585   0.6730   0.8961   0.0764  -0.3412  -0.2616  -0.1594  -0.1516   0.9657   0.9314   0.9088   0.2147  -0.0003   0.0207   0.2500   0.0334  -0.0542  -0.1127   0.7518   0.7675   0.1718
w_e          -0.3978   0.2382   0.9702   0.9401   0.9994   0.9703   0.2287   0.9673  -0.9402  -0.9210  -0.1180   0.6721   0.2393   1.0000   1.0000   0.7370  -0.9590   0.4464   0.9402  -0.5282   0.9697  -0.8794   0.4796  -0.0416   0.6282   0.9700   0.1245  -0.3003  -0.1180   0.8679   0.5895   0.9684   0.6316   0.5803   0.9031   0.9103   0.4581   0.5646   0.6135   0.1345  -0.0414   0.9072   0.9994   0.9703  -0.9596   0.7370  -0.4132  -0.3991   0.9368
w_b          -0.3978   0.2382   0.9702   0.9401   0.9994   0.9703   0.2287   0.9673  -0.9402  -0.9210  -0.1180   0.6721   0.2393   1.0000   1.0000   0.7370  -0.9590   0.4464   0.9402  -0.5282   0.9697  -0.8794   0.4796  -0.0416   0.6282   0.9700   0.1245  -0.3003  -0.1180   0.8679   0.5895   0.9684   0.6316   0.5803   0.9031   0.9103   0.4581   0.5646   0.6135   0.1345  -0.0414   0.9072   0.9994   0.9703  -0.9596   0.7370  -0.4132  -0.3991   0.9368
Rd           -0.7313   0.0248   0.8606   0.7943   0.7480   0.8504   0.1431   0.8593  -0.8681  -0.9140   0.1011   0.4529  -0.1127   0.7370   0.7370   1.0000  -0.8539   0.7741   0.8681   0.1687   0.8560  -0.9655   0.0637  -0.1965   0.3089   0.8558  -0.2018  -0.7212   0.1011   0.5456   0.2865   0.8686   0.4366   0.2063   0.7286   0.7493   0.0155   0.1321   0.1886  -0.0821   0.2117   0.7228   0.7480   0.8504  -0.8689   1.0000  -0.6805  -0.6426   0.8853
Ra            0.5619  -0.1189  -0.9938  -0.9503  -0.9603  -0.9855  -0.1147  -0.9976   0.9909   0.9689   0.0183  -0.6374  -0.0907  -0.9590  -0.9590  -0.8539   1.0000  -0.6083  -0.9909   0.3626  -0.9973   0.9579  -0.4133  -0.0089  -0.5823  -0.9972  -0.1319   0.5016   0.0183  -0.7849  -0.4901  -0.9945  -0.5460  -0.5268  -0.9152  -0.9259  -0.2943  -0.4121  -0.4675   0.0033   0.0139  -0.9435  -0.9603  -0.9855   0.9979  -0.8539   0.5621   0.5422  -0.9868
lam          -0.9798   0.3413   0.6270   0.6994   0.4432   0.6405   0.3934   0.6208  -0.5633  -0.5787   0.6909   0.6101  -0.6898   0.4464   0.4464   0.7741  -0.6083   1.0000   0.5633   0.2712   0.6146  -0.7379   0.2890  -0.1101   0.5286   0.6144   0.1036  -0.9690   0.6909   0.0155  -0.3380   0.6243   0.5690   0.4512   0.7128   0.7188  -0.5512  -0.4387  -0.3808  -0.1535   0.1508   0.6052   0.4432   0.6405  -0.6392   0.7741  -0.9874  -0.9767   0.5699
mu           -0.5052  -0.0068   0.9765   0.9035   0.9437   0.9604   0.0065   0.9834  -1.0000  -0.9864  -0.1175   0.5660   0.1691   0.9402   0.9402   0.8681  -0.9909   0.5633   1.0000  -0.3174   0.9830  -0.9560   0.3467  -0.0002   0.5026   0.9828   0.0899  -0.4618  -0.1175   0.8193   0.5620   0.9806   0.4410   0.4464   0.8642   0.8772   0.3529   0.4674   0.5207  -0.0434   0.0322   0.9243   0.9437   0.9604  -0.9840   0.8681  -0.5018  -0.4772   0.9986
p            -0.2802  -0.2497  -0.3529  -0.3900  -0.5124  -0.3603  -0.0523  -0.3571   0.3174   0.2086   0.2564  -0.4046  -0.4299  -0.5282  -0.5282   0.1687   0.3626   0.2712  -0.3174   1.0000  -0.3636   0.0903  -0.6434  -0.3014  -0.5421  -0.3639  -0.5329  -0.3934   0.2564  -0.5555  -0.4635  -0.3398  -0.3190  -0.6111  -0.4273  -0.4115  -0.5901  -0.6029  -0.6055  -0.2159   0.3902  -0.4690  -0.5124  -0.3603   0.3374   0.1687  -0.1963  -0.1681  -0.2836
TL           -0.5701   0.1767   0.9992   0.9643   0.9710   0.9949   0.1805   1.0000  -0.9830  -0.9670  -0.0001   0.6608   0.0820   0.9697   0.9697   0.8560  -0.9973   0.6146   0.9830  -0.3636   1.0000  -0.9606   0.4189  -0.0217   0.5999   1.0000   0.1110  -0.5003  -0.0001   0.7845   0.4804   0.9992   0.5971   0.5399   0.9264   0.9370   0.2911   0.4097   0.4654   0.0303  -0.0086   0.9367   0.9710   0.9949  -0.9992   0.8560  -0.5699  -0.5504   0.9808
mc            0.6931  -0.1158  -0.9630  -0.9148  -0.8854  -0.9563  -0.1790  -0.9625   0.9560   0.9714  -0.0766  -0.5861   0.0405  -0.8794  -0.8794  -0.9655   0.9579  -0.7379  -0.9560   0.0903  -0.9606   1.0000  -0.2559   0.1141  -0.4798  -0.9605   0.0411   0.6520  -0.0766  -0.6731  -0.3752  -0.9669  -0.5444  -0.3950  -0.8631  -0.8790  -0.1353  -0.2583  -0.3170   0.0310  -0.1074  -0.8612  -0.8854  -0.9563   0.9676  -0.9655   0.6678   0.6385  -0.9637
s            -0.2234   0.4049   0.4186   0.5471   0.4489   0.4365   0.2674   0.4172  -0.3467  -0.2705   0.2909   0.7881  -0.1594   0.4796   0.4796   0.0637  -0.4133   0.2890   0.3467  -0.6434   0.4189  -0.2559   1.0000   0.0645   0.8919   0.4191   0.6049  -0.1354   0.2909   0.2424  -0.0044   0.4054   0.4865   0.9446   0.6578   0.6333   0.0389   0.0973   0.1253  -0.1573  -0.1308   0.5873   0.4489   0.4365  -0.4117   0.0637  -0.3887  -0.4254   0.3234
mgrowth       0.0588  -0.1356  -0.0389  -0.0482  -0.0449  -0.0502  -0.2819  -0.0208   0.0002   0.0865  -0.0002  -0.1703   0.0158  -0.0416  -0.0416  -0.1965  -0.0089  -0.1101  -0.0002  -0.3014  -0.0217   0.1141   0.0645   1.0000  -0.0252  -0.0225   0.5839   0.0382  -0.0002  -0.0335  -0.0208  -0.0437  -0.1611   0.0504  -0.0092  -0.0125   0.0098  -0.0015  -0.0070   0.0161  -0.7395   0.1372  -0.0449  -0.0502   0.0178  -0.1965   0.0686   0.0559  -0.0277
expinfl      -0.4716   0.5619   0.6077   0.7443   0.6045   0.6339   0.4692   0.5989  -0.5026  -0.4494   0.4271   0.9687  -0.2874   0.6282   0.6282   0.3089  -0.5823   0.5286   0.5026  -0.5421   0.5999  -0.4798   0.8919  -0.0252   1.0000   0.6003   0.4988  -0.3655   0.4271   0.2946  -0.0405   0.5941   0.7087   0.9868   0.8386   0.8198  -0.0453   0.0420   0.0846  -0.0450  -0.1277   0.7108   0.6045   0.6339  -0.5958   0.3089  -0.6113  -0.6397   0.4871
smalld       -0.5699   0.1781   0.9993   0.9646   0.9713   0.9950   0.1821   0.9999  -0.9828  -0.9668  -0.0000   0.6613   0.0822   0.9700   0.9700   0.8558  -0.9972   0.6144   0.9828  -0.3639   1.0000  -0.9605   0.4191  -0.0225   0.6003   1.0000   0.1105  -0.4998  -0.0000   0.7847   0.4804   0.9993   0.5983   0.5402   0.9266   0.9371   0.2915   0.4100   0.4657   0.0313  -0.0086   0.9365   0.9713   0.9950  -0.9992   0.8558  -0.5697  -0.5502   0.9806
gY           -0.0519   0.0986   0.0982   0.1851   0.1029   0.0999  -0.0829   0.1112  -0.0899   0.0119   0.2760   0.2913  -0.1641   0.1245   0.1245  -0.2018  -0.1319   0.1036   0.0899  -0.5329   0.1110   0.0411   0.6049   0.5839   0.4988   0.1105   1.0000  -0.0305   0.2760  -0.0374  -0.1666   0.0877   0.0832   0.5986   0.3299   0.3105  -0.0749  -0.0525  -0.0412   0.0348  -0.1800   0.4376   0.1029   0.0999  -0.1117  -0.2018  -0.2069  -0.2458   0.0577
totC          0.9844  -0.2635  -0.5104  -0.5727  -0.3005  -0.5204  -0.3106  -0.5078   0.4618   0.4734  -0.7067  -0.4496   0.7549  -0.3003  -0.3003  -0.7212   0.5016  -0.9690  -0.4618  -0.3934  -0.5003   0.6520  -0.1354   0.0382  -0.3655  -0.4998  -0.0305   1.0000  -0.7067   0.1105   0.4219  -0.5084  -0.4513  -0.2900  -0.5682  -0.5770   0.6558   0.5578   0.5062   0.2382  -0.0766  -0.4703  -0.3005  -0.5204   0.5301  -0.7212   0.9502   0.9358  -0.4669
u            -0.7323   0.6343   0.0196   0.2158  -0.1316   0.0608   0.5933   0.0052   0.1175   0.1374   1.0000   0.4114  -0.9585  -0.1180  -0.1180   0.1011   0.0183   0.6909  -0.1175   0.2564  -0.0001  -0.0766   0.2909  -0.0002   0.4271  -0.0000   0.2760  -0.7067   1.0000  -0.5956  -0.8716   0.0042   0.5078   0.4080   0.2810   0.2703  -0.8873  -0.8444  -0.8181   0.0175  -0.0224   0.0819  -0.1316   0.0608  -0.0213   0.1011  -0.7699  -0.7921  -0.1242
keff          0.0445  -0.1245   0.7750   0.6526   0.8743   0.7545  -0.1117   0.7799  -0.8193  -0.8137  -0.5956   0.3379   0.6730   0.8679   0.8679   0.5456  -0.7849   0.0155   0.8193  -0.5555   0.7845  -0.6731   0.2424  -0.0335   0.2946   0.7847  -0.0374   0.1105  -0.5956   1.0000   0.9128   0.7813   0.2569   0.2653   0.5900   0.6011   0.8144   0.8791   0.9054   0.1001  -0.0223   0.6929   0.8743   0.7545  -0.7656   0.5456   0.0509   0.0734   0.8199
K             0.3955  -0.4022   0.4645   0.2891   0.6005   0.4307  -0.3723   0.4749  -0.5620  -0.5692  -0.8716  -0.0049   0.8961   0.5895   0.5895   0.2865  -0.4901  -0.3380   0.5620  -0.4635   0.4804  -0.3752  -0.0044  -0.0208  -0.0405   0.4804  -0.1666   0.4219  -0.8716   0.9128   1.0000   0.4763  -0.1034  -0.0493   0.2170   0.2295   0.9456   0.9636   0.9665   0.0489  -0.0007   0.3817   0.6005   0.4307  -0.4582   0.2865   0.4196   0.4450   0.5660
Kb           -0.5789   0.1867   0.9997   0.9649   0.9702   0.9962   0.2009   0.9992  -0.9806  -0.9708   0.0042   0.6619   0.0764   0.9684   0.9684   0.8686  -0.9945   0.6243   0.9806  -0.3398   0.9992  -0.9669   0.4054  -0.0437   0.5941   0.9993   0.0877  -0.5084   0.0042   0.7813   0.4763   1.0000   0.6078   0.5300   0.9247   0.9357   0.2844   0.4036   0.4597   0.0351   0.0079   0.9291   0.9702   0.9962  -0.9985   0.8686  -0.5769  -0.5564   0.9804
Ke           -0.6008   0.8914   0.6240   0.7666   0.6239   0.6735   0.8816   0.5952  -0.4410  -0.4388   0.5078   0.7494  -0.3412   0.6316   0.6316   0.4366  -0.5460   0.5690   0.4410  -0.3190   0.5971  -0.5444   0.4865  -0.1611   0.7087   0.5983   0.0832  -0.4513   0.5078   0.2569  -0.1034   0.6078   1.0000   0.6497   0.7460   0.7422  -0.1280  -0.0460  -0.0054   0.3383  -0.1315   0.5254   0.6239   0.6735  -0.5894   0.4366  -0.6087  -0.6166   0.4416
ptilde       -0.3935   0.5322   0.5447   0.6861   0.5536   0.5693   0.4108   0.5386  -0.4464  -0.3781   0.4080   0.9179  -0.2616   0.5803   0.5803   0.2063  -0.5268   0.4512   0.4464  -0.6111   0.5399  -0.3950   0.9446   0.0504   0.9868   0.5402   0.5986  -0.2900   0.4080   0.2653  -0.0493   0.5300   0.6497   1.0000   0.7928   0.7712  -0.0289   0.0490   0.0869  -0.0558  -0.1510   0.6888   0.5536   0.5693  -0.5347   0.2063  -0.5471  -0.5807   0.4260
nump         -0.6604   0.4100   0.9315   0.9809   0.8937   0.9432   0.3766   0.9266  -0.8642  -0.8329   0.2810   0.8607  -0.1594   0.9031   0.9031   0.7286  -0.9152   0.7128   0.8642  -0.4273   0.9264  -0.8631   0.6578  -0.0092   0.8386   0.9266   0.3299  -0.5682   0.2810   0.5900   0.2170   0.9247   0.7460   0.7928   1.0000   0.9994   0.0841   0.2058   0.2642   0.0365  -0.0320   0.9451   0.8937   0.9432  -0.9267   0.7286  -0.7213  -0.7210   0.8567
denp         -0.6674   0.3980   0.9419   0.9855   0.9020   0.9528   0.3700   0.9372  -0.8772  -0.8484   0.2703   0.8468  -0.1516   0.9103   0.9103   0.7493  -0.9259   0.7188   0.8772  -0.4115   0.9370  -0.8790   0.6333  -0.0125   0.8198   0.9371   0.3105  -0.5770   0.2703   0.6011   0.2295   0.9357   0.7422   0.7712   0.9994   1.0000   0.0895   0.2121   0.2710   0.0413  -0.0248   0.9480   0.9020   0.9528  -0.9375   0.7493  -0.7223  -0.7200   0.8706
wtilde        0.6097  -0.3173   0.2766   0.1301   0.4650   0.2509  -0.3239   0.2837  -0.3529  -0.3468  -0.8873  -0.0513   0.9657   0.4581   0.4581   0.0155  -0.2943  -0.5512   0.3529  -0.5901   0.2911  -0.1353   0.0389   0.0098  -0.0453   0.2915  -0.0749   0.6558  -0.8873   0.8144   0.9456   0.2844  -0.1280  -0.0289   0.0841   0.0895   1.0000   0.9915   0.9812   0.2259  -0.0507   0.2345   0.4650   0.2509  -0.2612   0.0155   0.6008   0.6130   0.3520
numw          0.5055  -0.2840   0.3959   0.2512   0.5712   0.3706  -0.2858   0.4027  -0.4674  -0.4617  -0.8444   0.0454   0.9314   0.5646   0.5646   0.1321  -0.4121  -0.4387   0.4674  -0.6029   0.4097  -0.2583   0.0973  -0.0015   0.0420   0.4100  -0.0525   0.5578  -0.8444   0.8791   0.9636   0.4036  -0.0460   0.0490   0.2058   0.2121   0.9915   1.0000   0.9980   0.2217  -0.0341   0.3511   0.5712   0.3706  -0.3812   0.1321   0.4923   0.5063   0.4670
denw          0.4512  -0.2659   0.4520   0.3091   0.6197   0.4271  -0.2654   0.4586  -0.5207  -0.5153  -0.8181   0.0927   0.9088   0.6135   0.6135   0.1886  -0.4675  -0.3808   0.5207  -0.6055   0.4654  -0.3170   0.1253  -0.0070   0.0846   0.4657  -0.0412   0.5062  -0.8181   0.9054   0.9665   0.4597  -0.0054   0.0869   0.2642   0.2710   0.9812   0.9980   1.0000   0.2183  -0.0257   0.4062   0.6197   0.4271  -0.4377   0.1886   0.4360   0.4509   0.5205
lz            0.1477   0.3979   0.0434   0.0624   0.1432   0.0692   0.3857   0.0257   0.0434   0.0427   0.0175  -0.0608   0.2147   0.1345   0.1345  -0.0821   0.0033  -0.1535  -0.0434  -0.2159   0.0303   0.0310  -0.1573   0.0161  -0.0450   0.0313   0.0348   0.2382   0.0175   0.1001   0.0489   0.0351   0.3383  -0.0558   0.0365   0.0413   0.2259   0.2217   0.2183   1.0000   0.0000   0.0000   0.1432   0.0692  -0.0118  -0.0821   0.1515   0.1502  -0.0433
lmp          -0.0369  -0.2033  -0.0035  -0.0423  -0.0370  -0.0143  -0.0569  -0.0075  -0.0322  -0.1131  -0.0224  -0.0706  -0.0003  -0.0414  -0.0414   0.2117   0.0139   0.1508   0.0322   0.3902  -0.0086  -0.1074  -0.1308  -0.7395  -0.1277  -0.0086  -0.1800  -0.0766  -0.0224  -0.0223  -0.0007   0.0079  -0.1315  -0.1510  -0.0320  -0.0248  -0.0507  -0.0341  -0.0257   0.0000   1.0000   0.0000  -0.0370  -0.0143   0.0040   0.2117  -0.0964  -0.0822   0.0581
lbk          -0.5311   0.1397   0.9309   0.9218   0.9007   0.9243   0.0948   0.9371  -0.9243  -0.8822   0.0819   0.7007   0.0207   0.9072   0.9072   0.7228  -0.9435   0.6052   0.9243  -0.4690   0.9367  -0.8612   0.5873   0.1372   0.7108   0.9365   0.4376  -0.4703   0.0819   0.6929   0.3817   0.9291   0.5254   0.6888   0.9451   0.9480   0.2345   0.3511   0.4062   0.0000   0.0000   1.0000   0.9007   0.9243  -0.9375   0.7228  -0.5956  -0.5904   0.9136
log_y        -0.3963   0.2266   0.9714   0.9357   1.0000   0.9708   0.2223   0.9686  -0.9437  -0.9272  -0.1316   0.6534   0.2500   0.9994   0.9994   0.7480  -0.9603   0.4432   0.9437  -0.5124   0.9710  -0.8854   0.4489  -0.0449   0.6045   0.9713   0.1029  -0.3005  -0.1316   0.8743   0.6005   0.9702   0.6239   0.5536   0.8937   0.9020   0.4650   0.5712   0.6197   0.1432  -0.0370   0.9007   1.0000   0.9708  -0.9609   0.7480  -0.4054  -0.3896   0.9412
log_I        -0.6025   0.2710   0.9979   0.9820   0.9708   1.0000   0.2790   0.9946  -0.9604  -0.9486   0.0608   0.6987   0.0334   0.9703   0.9703   0.8504  -0.9855   0.6405   0.9604  -0.3603   0.9949  -0.9563   0.4365  -0.0502   0.6339   0.9950   0.0999  -0.5204   0.0608   0.7545   0.4307   0.9962   0.6735   0.5693   0.9432   0.9528   0.2509   0.3706   0.4271   0.0692  -0.0143   0.9243   0.9708   1.0000  -0.9933   0.8504  -0.6021  -0.5844   0.9595
gammag        0.5953  -0.1676  -0.9982  -0.9637  -0.9609  -0.9933  -0.1727  -0.9996   0.9840   0.9681  -0.0213  -0.6583  -0.0542  -0.9596  -0.9596  -0.8689   0.9979  -0.6392  -0.9840   0.3374  -0.9992   0.9676  -0.4117   0.0178  -0.5958  -0.9992  -0.1117   0.5301  -0.0213  -0.7656  -0.4582  -0.9985  -0.5894  -0.5347  -0.9267  -0.9375  -0.2612  -0.3812  -0.4377  -0.0118   0.0040  -0.9375  -0.9609  -0.9933   1.0000  -0.8689   0.5936   0.5735  -0.9819
rnot         -0.7313   0.0248   0.8606   0.7943   0.7480   0.8504   0.1431   0.8593  -0.8681  -0.9140   0.1011   0.4529  -0.1127   0.7370   0.7370   1.0000  -0.8539   0.7741   0.8681   0.1687   0.8560  -0.9655   0.0637  -0.1965   0.3089   0.8558  -0.2018  -0.7212   0.1011   0.5456   0.2865   0.8686   0.4366   0.2063   0.7286   0.7493   0.0155   0.1321   0.1886  -0.0821   0.2117   0.7228   0.7480   0.8504  -0.8689   1.0000  -0.6805  -0.6426   0.8853
util          0.9715  -0.4240  -0.5830  -0.6872  -0.4054  -0.6021  -0.4448  -0.5759   0.5018   0.5021  -0.7699  -0.6664   0.7518  -0.4132  -0.4132  -0.6805   0.5621  -0.9874  -0.5018  -0.1963  -0.5699   0.6678  -0.3887   0.0686  -0.6113  -0.5697  -0.2069   0.9502  -0.7699   0.0509   0.4196  -0.5769  -0.6087  -0.5471  -0.7213  -0.7223   0.6008   0.4923   0.4360   0.1515  -0.0964  -0.5956  -0.4054  -0.6021   0.5936  -0.6805   1.0000   0.9983  -0.5033
welf          0.9604  -0.4478  -0.5635  -0.6782  -0.3896  -0.5844  -0.4578  -0.5562   0.4772   0.4725  -0.7921  -0.6847   0.7675  -0.3991  -0.3991  -0.6426   0.5422  -0.9767  -0.4772  -0.1681  -0.5504   0.6385  -0.4254   0.0559  -0.6397  -0.5502  -0.2458   0.9358  -0.7921   0.0734   0.4450  -0.5564  -0.6166  -0.5807  -0.7210  -0.7200   0.6130   0.5063   0.4509   0.1502  -0.0822  -0.5904  -0.3896  -0.5844   0.5735  -0.6426   0.9983   1.0000  -0.4771
BVaR         -0.5092  -0.0098   0.9755   0.8991   0.9412   0.9595   0.0184   0.9812  -0.9986  -0.9937  -0.1242   0.5598   0.1718   0.9368   0.9368   0.8853  -0.9868   0.5699   0.9986  -0.2836   0.9808  -0.9637   0.3234  -0.0277   0.4871   0.9806   0.0577  -0.4669  -0.1242   0.8199   0.5660   0.9804   0.4416   0.4260   0.8567   0.8706   0.3520   0.4670   0.5205  -0.0433   0.0581   0.9136   0.9412   0.9595  -0.9819   0.8853  -0.5033  -0.4771   1.0000



COEFFICIENTS OF AUTOCORRELATION
Order           1       2       3       4       5
ch         0.9877  0.9559  0.9091  0.8513  0.7865
Ce         0.9538  0.8622  0.7482  0.6295  0.5190
Cb         0.9785  0.9323  0.8728  0.8067  0.7385
H          0.9707  0.9070  0.8258  0.7382  0.6516
Y          0.9788  0.9327  0.8739  0.8104  0.7474
I          0.9785  0.9308  0.8684  0.7987  0.7267
bigN       0.9620  0.8708  0.7570  0.6404  0.5337
bigA       0.9775  0.9301  0.8706  0.8059  0.7396
smallb     0.9772  0.9333  0.8805  0.8239  0.7657
q          0.9739  0.9352  0.8854  0.8272  0.7637
rk         0.9913  0.9719  0.9463  0.9178  0.8884
infl       0.9509  0.8295  0.6642  0.4810  0.3013
w_h        0.9969  0.9887  0.9766  0.9616  0.9447
w_e        0.9766  0.9264  0.8634  0.7963  0.7307
w_b        0.9766  0.9264  0.8634  0.7963  0.7307
Rd         0.9594  0.8951  0.8131  0.7204  0.6235
Ra         0.9754  0.9253  0.8652  0.8019  0.7386
lam        0.9670  0.9184  0.8565  0.7848  0.7073
mu         0.9772  0.9333  0.8805  0.8239  0.7657
p          0.8549  0.6680  0.4805  0.3165  0.1885
TL         0.9775  0.9302  0.8708  0.8062  0.7401
mc         0.9778  0.9329  0.8719  0.8001  0.7223
s          0.8337  0.6086  0.3786  0.1721  0.0037
mgrowth    0.1195 -0.0173 -0.0914 -0.1252 -0.1323
expinfl    0.9219  0.7809  0.6055  0.4203  0.2447
smalld     0.9776  0.9303  0.8709  0.8062  0.7401
gY         0.5890  0.2997  0.1110 -0.0135 -0.0920
totC       0.9854  0.9507  0.9011  0.8408  0.7736
u          0.9913  0.9719  0.9463  0.9178  0.8884
keff       0.9930  0.9777  0.9579  0.9359  0.9134
K          0.9990  0.9960  0.9912  0.9847  0.9766
Kb         0.9789  0.9343  0.8765  0.8117  0.7443
Ke         0.9674  0.8872  0.7792  0.6612  0.5470
ptilde     0.8931  0.7264  0.5343  0.3423  0.1684
nump       0.9485  0.8667  0.7685  0.6646  0.5631
denp       0.9514  0.8742  0.7810  0.6817  0.5840
wtilde     0.9971  0.9917  0.9845  0.9759  0.9662
numw       0.9971  0.9919  0.9851  0.9773  0.9688
denw       0.9965  0.9907  0.9832  0.9748  0.9659
lz         0.9500  0.9025  0.8574  0.8145  0.7738
lmp        0.0000  0.0000 -0.0000 -0.0000 -0.0000
lbk        0.9000  0.8100  0.7290  0.6561  0.5905
log_y      0.9788  0.9327  0.8739  0.8104  0.7474
log_I      0.9785  0.9308  0.8684  0.7987  0.7267
gammag     0.9773  0.9296  0.8699  0.8048  0.7380
rnot       0.9594  0.8951  0.8131  0.7204  0.6235
util       0.9689  0.9223  0.8632  0.7952  0.7221
welf       0.9670  0.9188  0.8584  0.7898  0.7167
BVaR       0.9776  0.9370  0.8865  0.8302  0.7708
[Warning: Some of the parameters have no value (CBBSp) when using stoch_simul. If these parameters are not initialized in a steadystate file or a steady_state_model-block,
Dynare may not be able to solve the model...] 

MODEL SUMMARY

  Number of variables:         52
  Number of stochastic shocks: 5
  Number of state variables:   13
  Number of jumpers:           12
  Number of static variables:  29


MATRIX OF COVARIANCE OF EXOGENOUS SHOCKS
Variables              z_shk        mp_shk        bk_shk        qe_shk  macropru_shk
z_shk               0.000100      0.000000      0.000000      0.000000      0.000000
mp_shk              0.000000      0.000100      0.000000      0.000000      0.000000
bk_shk              0.000000      0.000000      1.322500      0.000000      0.000000
qe_shk              0.000000      0.000000      0.000000      0.000000      0.000000
macropru_shk        0.000000      0.000000      0.000000      0.000000      0.000100

POLICY AND TRANSITION FUNCTIONS
                                  ch              Ce              Cb               H               Y               I            bigN            bigA          smallb               q              rk            infl             w_h             w_e             w_b              Rd              Ra             lam              mu               p              TL              mc               s         mgrowth         expinfl          smalld              gY            totC               u            keff               K              Kb              Ke          gammag           alpha            rnot            util            welf            BVaR
Constant                    3.384182        0.162422        0.021605        1.400679        4.270494        1.015321        0.380890        0.050666        0.157310        1.194763        0.029899        1.004963        1.951277        0.000031        0.000071        1.010013        1.421369        0.298236        0.025000        0.861069        0.634430        0.528314        0.833333        1.004963        1.004963       20.304907        1.000000        3.229790        1.000000       51.418892       51.418892        0.042193        0.317204       12.521783        0.993000        1.010013        0.041186        0.082166        0.079177
Y(-1)                              0               0               0               0               0               0               0               0               0               0               0               0               0               0               0               0               0               0               0               0               0               0               0               0               0               0       -0.234165               0               0               0               0               0               0               0               0               0               0               0               0
w_h(-1)                    -0.322301       -0.084448       -0.001269       -0.285353       -0.521435       -0.144156       -0.055673       -0.007405       -0.035713       -0.180317        0.001197        0.081551        0.630858        0.000004        0.000009        0.015163        0.124253        0.067261        0.002081        0.773554       -0.088483       -0.444568        0.184443       -0.821273        0.103453       -2.752294       -0.122102       -0.375788        0.080094        4.089540       -0.146010        0.003890       -0.117050        0.083744               0        0.015163       -0.287410       -0.611012        0.018541
p(-1)                              0               0               0               0               0               0               0               0               0               0               0               0               0               0               0               0               0               0               0               0               0               0               0        1.167111               0               0               0               0               0               0               0               0               0               0               0               0               0               0               0
K(-1)                       0.006419       -0.000359       -0.000002       -0.002671        0.004928       -0.000486       -0.000313       -0.000042       -0.000167       -0.000801       -0.000202       -0.000645        0.002397               0               0       -0.000120        0.001042       -0.001479        0.000010       -0.006837       -0.000173        0.004755       -0.001367        0.007335       -0.000849       -0.004448        0.001154        0.005416       -0.013481        0.311676        0.979508        0.000025       -0.000489        0.006878               0       -0.000120        0.005691        0.011799        0.000084
Kb(-1)                     -0.279203        0.493334        0.297975        3.766033       12.038211       11.148096       -0.092863        1.188419       -1.206572       -0.325559        0.026276        0.100045       -0.125947        0.000080        0.000187        0.018601      -13.735641        0.051606        0.070309       -6.881476       11.240959       -5.295049        0.229224        8.131494        0.125950      346.754268        2.818927        0.540027        1.757640       89.744201       11.291461        0.593433        1.049901      -71.846164               0        0.018601       -0.249937       -0.545074        0.244248
Ke(-1)                     -0.071232        0.385960        0.016208        0.494817        1.577667        1.220565        1.180166       -0.002739        0.193888       -0.069760        0.003420        0.017102       -0.022949        0.000010        0.000024        0.003180        1.143196        0.013089       -0.011298        0.101881        0.040399       -0.128448        0.028038       -0.101805        0.025159        2.072706        0.369434        0.338059        0.228738       11.679243        1.236262        0.034118        0.772288        1.474400               0        0.003180       -0.063478       -0.138422       -0.031159
lz(-1)                      1.681898        0.367185        0.006050       -0.892773        2.537955        0.643903        0.244756        0.032556        0.151935        0.789351       -0.001958       -0.270216        0.862136       -0.000006       -0.000014       -0.050241       -0.515260       -0.369715       -0.008853       -2.838954        0.399147        1.563956       -0.575671        3.043159       -0.354336       12.456634        0.594300        1.886944       -0.130980       -6.687781        0.652183       -0.016060        0.507532       -0.168010               0       -0.050241        1.494652        3.136587       -0.080350
lbk(-1)                    -0.059361       -0.005217        0.010947        0.110033        0.347703        0.382535       -0.019998        0.042938       -0.055752       -0.065082        0.000735        0.006165       -0.010071        0.000002        0.000005        0.001146       -0.484332        0.011862        0.003249       -0.212997        0.402533       -0.212184        0.004621        0.254756        0.010857       12.415255        0.081420       -0.047694        0.049159        2.510054        0.387455        0.023678        0.007091       -2.666927               0        0.001146       -0.052630       -0.112671        0.014602
rnot(-1)                   -3.228983       -2.468925       -0.026371       -2.894095       -9.318753       -3.886389       -1.589757       -0.211466       -1.118522       -5.092873       -0.020745       -0.297225       -0.010891       -0.000063       -0.000147        0.844737        4.197411        1.339811        0.065178       37.949010       -2.296632      -23.660426       -0.211127      -44.587945       -0.527194      -70.538324       -2.182125       -5.401381       -1.387660      -70.853216       -3.936368        0.128353       -3.469595        6.933573               0        0.844737       -3.010295       -5.045984        0.543929
lqe(-1)                    -0.275965        0.186327        0.010539        0.224502        0.699477        0.738598       -0.086400       -0.011492        0.102813       -0.279386        0.001418        0.016817       -0.036368        0.000004        0.000010        0.003127        1.015759        0.058145       -0.005991        0.245579        0.824998       -0.117299        0.004291       -0.269802        0.032321       -1.704264        0.163793       -0.051503        0.094871        4.844046        0.748096        0.030449        0.438066        1.359902               0        0.003127       -0.244290       -0.516732       -0.000459
ch(-1)                      0.635508       -0.002835        0.000675        0.184940        0.590752        0.020162       -0.001926       -0.000256       -0.004881       -0.007509        0.001287        0.004490       -0.006840        0.000004        0.000009        0.000835        0.051573        0.003009        0.000284        0.021116        0.022087       -0.036427        0.011044       -0.020155        0.005407        0.771200        0.138333        0.569798        0.086088        4.395609        0.020421        0.001583       -0.003543        0.499182               0        0.000835        0.011482        0.012654        0.001398
infl(-1)                   -1.362723       -0.520322       -0.006818       -0.814528       -2.620201       -0.858598       -0.340686       -0.045318       -0.227402       -1.090005       -0.005818        0.729328        0.000933       -0.000018       -0.000041        0.135604        0.822733        0.338323        0.013251        6.365536       -0.517912       -3.848571       -0.058122       -6.699961        0.476223      -16.020197       -0.613559       -1.753591       -0.389177      -19.871198       -0.869640        0.025177       -0.726780        0.977848               0        0.135604       -1.228614       -2.507480        0.114202
z_shk                      -1.770419       -0.386511       -0.006369        0.939762       -2.671532       -0.677792       -0.257638       -0.034269       -0.159931       -0.830896        0.002061        0.284438       -0.907511        0.000006        0.000015        0.052886        0.542379        0.389174        0.009319        2.988373       -0.420154       -1.646270        0.605969       -3.203325        0.372985      -13.112247       -0.625579       -1.986257        0.137874        7.039769       -0.686509        0.016905       -0.534244        0.176853               0        0.052886       -1.573318       -3.301671        0.084579
mp_shk                     -3.623683       -2.770718       -0.029595       -3.247860      -10.457846       -4.361448       -1.784083       -0.237315       -1.255246       -5.715408       -0.023281       -0.333556       -0.012222       -0.000071       -0.000165        0.947995        4.710489        1.503585        0.073145       42.587769       -2.577365      -26.552596       -0.236935      -50.038225       -0.591636      -79.160691       -2.448861       -6.061627       -1.557283      -79.514074       -4.417536        0.144042       -3.893707        7.781110               0        0.947995       -3.378263       -5.662788        0.610417
bk_shk                      0.065956        0.005796       -0.012164       -0.122259       -0.386337       -0.425039        0.022220       -0.047709        0.061947        0.072313       -0.000817       -0.006851        0.011190       -0.000002       -0.000006       -0.001274        0.538147       -0.013180       -0.003610        0.236663       -0.447259        0.235760       -0.005135       -0.283063       -0.012063      -13.794728       -0.090467        0.052993       -0.054622       -2.788949       -0.430505       -0.026309       -0.007879        2.963252               0       -0.001274        0.058478        0.125190       -0.016224
qe_shk                     -0.306628        0.207030        0.011710        0.249446        0.777197        0.820664       -0.096000       -0.012769        0.114236       -0.310429        0.001576        0.018685       -0.040408        0.000005        0.000011        0.003474        1.128621        0.064606       -0.006657        0.272866        0.916664       -0.130333        0.004767       -0.299780        0.035912       -1.893626        0.181992       -0.057226        0.105412        5.382274        0.831218        0.033832        0.486740        1.511002               0        0.003474       -0.271433       -0.574147       -0.000510
macropru_shk                0.000788       -0.000407       -0.001068       -0.012394       -0.039633       -0.037614        0.000274        0.000036        0.005306        0.000969       -0.000087       -0.000314        0.000390               0               0       -0.000058       -0.071256       -0.000146       -0.000309        0.026459       -0.037887        0.019575       -0.000762       -0.031194       -0.000382       -1.305934       -0.009281       -0.000765       -0.005793       -0.295774       -0.038097       -0.002119       -0.001052       -0.756781               0       -0.000058        0.000706        0.001541       -0.001043


THEORETICAL MOMENTS
VARIABLE         MEAN  STD. DEV.   VARIANCE
ch             3.3842     0.9821     0.9645
Ce             0.1624     0.1363     0.0186
Cb             0.0216     0.0840     0.0071
H              1.4007     0.7672     0.5886
Y              4.2705     2.8230     7.9692
I              1.0153     3.0539     9.3266
bigN           0.3809     0.3138     0.0985
bigA           0.0507     0.3173     0.1007
smallb         0.1573     0.3897     0.1519
q              1.1948     0.5055     0.2555
rk             0.0299     0.0104     0.0001
infl           1.0050     0.0472     0.0022
w_h            1.9513     0.3753     0.1408
w_e            0.0000     0.0000     0.0000
w_b            0.0001     0.0000     0.0000
Rd             1.0100     0.0448     0.0020
Ra             1.4214     3.3878    11.4771
lam            0.2982     0.0997     0.0099
mu             0.0250     0.0227     0.0005
p              0.8611     1.0916     1.1915
TL             0.6344     2.9817     8.8903
mc             0.5283     2.4723     6.1122
s              0.8333     0.0181     0.0003
mgrowth        1.0050     0.6766     0.4578
expinfl        1.0050     0.0463     0.0021
smalld        20.3049    92.0997  8482.3637
gY             1.0000     0.1360     0.0185
totC           3.2298     0.7913     0.6262
u              1.0000     0.6937     0.4812
keff          51.4189    35.6569  1271.4176
K             51.4189    63.4857  4030.4357
Kb             0.0422     0.1813     0.0329
Ke             0.3172     0.2961     0.0877
gammag        12.5218    19.5825   383.4745
alpha          0.9930     0.0000     0.0000
rnot           1.0100     0.0448     0.0020
util           0.0412     0.3503     0.1227
welf           0.0822     0.6892     0.4750
BVaR           0.0792     0.1051     0.0110



VARIANCE DECOMPOSITION (in percent)
                  z_shk        mp_shk        bk_shk        qe_shk  macropru_shk
ch                 2.70          1.13         96.17          0.00          0.00
Ce                20.00         36.57         43.43          0.00          0.00
Cb                 0.28          0.32         99.40          0.00          0.00
H                  0.82          2.58         96.60          0.00          0.00
Y                  2.40          1.99         95.61          0.00          0.00
I                  0.65          0.79         98.56          0.00          0.00
bigN              20.31         34.65         45.04          0.00          0.00
bigA               0.10          0.12         99.78          0.00          0.00
smallb             0.29          0.97         98.73          0.00          0.00
q                  0.50          2.96         96.54          0.00          0.00
rk                 0.88          0.91         98.22          0.00          0.00
infl               2.54         16.57         80.89          0.00          0.00
w_h                5.74          0.34         93.91          0.00          0.00
w_e                2.33          2.28         95.39          0.00          0.00
w_b                2.33          2.28         95.39          0.00          0.00
Rd                 1.27         10.58         88.15          0.00          0.00
Ra                 0.01          0.12         99.87          0.00          0.00
lam                2.80          4.95         92.25          0.00          0.00
mu                 0.29          0.97         98.73          0.00          0.00
p                  6.05         33.66         60.29          0.00          0.00
TL                 0.13          0.13         99.73          0.00          0.00
mc                 0.32          2.95         96.73          0.00          0.00
s                 16.88         12.46         70.66          0.00          0.00
mgrowth            0.89         64.21         34.90          0.00          0.00
expinfl            2.26         16.67         81.06          0.00          0.00
smalld             0.14          0.14         99.72          0.00          0.00
gY                 0.99          5.28         93.74          0.00          0.00
totC               6.47          4.19         89.34          0.00          0.00
u                  0.88          0.91         98.22          0.00          0.00
keff               1.47          0.87         97.66          0.00          0.00
K                  0.84          0.31         98.85          0.00          0.00
Kb                 0.22          0.31         99.47          0.00          0.00
Ke                14.72         25.04         60.24          0.00          0.00
gammag             0.04          0.09         99.86          0.00          0.00
alpha              1.90          0.44         97.66          0.00          0.00
rnot               1.27         10.58         88.15          0.00          0.00
util               2.72          2.12         95.16          0.00          0.00
welf               2.68          1.62         95.70          0.00          0.00
BVaR               0.32          1.33         98.35          0.00          0.00



MATRIX OF CORRELATIONS
Variables         ch       Ce       Cb        H        Y        I     bigN     bigA   smallb        q       rk     infl      w_h      w_e      w_b       Rd       Ra      lam       mu        p       TL       mc        s  mgrowth  expinfl   smalld       gY     totC        u     keff        K       Kb       Ke   gammag     rnot     util     welf     BVaR
ch            1.0000  -0.4098  -0.5841  -0.6679  -0.3963  -0.6025  -0.4466  -0.5765   0.5052   0.5130  -0.7323  -0.5529   0.7419  -0.3978  -0.3978  -0.7313   0.5619  -0.9798  -0.5052  -0.2802  -0.5701   0.6931  -0.2234   0.0588  -0.4716  -0.5699  -0.0519   0.9844  -0.7323   0.0445   0.3955  -0.5789  -0.6008   0.5953  -0.7313   0.9715   0.9604  -0.5092
Ce           -0.4098   1.0000   0.2081   0.4085   0.2266   0.2710   0.9590   0.1744   0.0068   0.0161   0.6343   0.5608  -0.4684   0.2382   0.2382   0.0248  -0.1189   0.3413  -0.0068  -0.2497   0.1767  -0.1158   0.4049  -0.1356   0.5619   0.1781   0.0986  -0.2635   0.6343  -0.1245  -0.4022   0.1867   0.8914  -0.1676   0.0248  -0.4240  -0.4478  -0.0098
Cb           -0.5841   0.2081   1.0000   0.9706   0.9714   0.9979   0.2173   0.9991  -0.9765  -0.9642   0.0196   0.6727   0.0653   0.9702   0.9702   0.8606  -0.9938   0.6270   0.9765  -0.3529   0.9992  -0.9630   0.4186  -0.0389   0.6077   0.9993   0.0982  -0.5104   0.0196   0.7750   0.4645   0.9997   0.6240  -0.9982   0.8606  -0.5830  -0.5635   0.9755
H            -0.6679   0.4085   0.9706   1.0000   0.9357   0.9820   0.3937   0.9643  -0.9035  -0.8814   0.2158   0.7916  -0.1060   0.9401   0.9401   0.7943  -0.9503   0.6994   0.9035  -0.3900   0.9643  -0.9148   0.5471  -0.0482   0.7443   0.9646   0.1851  -0.5727   0.2158   0.6526   0.2891   0.9649   0.7666  -0.9637   0.7943  -0.6872  -0.6782   0.8991
Y            -0.3963   0.2266   0.9714   0.9357   1.0000   0.9708   0.2223   0.9686  -0.9437  -0.9272  -0.1316   0.6534   0.2500   0.9994   0.9994   0.7480  -0.9603   0.4432   0.9437  -0.5124   0.9710  -0.8854   0.4489  -0.0449   0.6045   0.9713   0.1029  -0.3005  -0.1316   0.8743   0.6005   0.9702   0.6239  -0.9609   0.7480  -0.4054  -0.3896   0.9412
I            -0.6025   0.2710   0.9979   0.9820   0.9708   1.0000   0.2790   0.9946  -0.9604  -0.9486   0.0608   0.6987   0.0334   0.9703   0.9703   0.8504  -0.9855   0.6405   0.9604  -0.3603   0.9949  -0.9563   0.4365  -0.0502   0.6339   0.9950   0.0999  -0.5204   0.0608   0.7545   0.4307   0.9962   0.6735  -0.9933   0.8504  -0.6021  -0.5844   0.9595
bigN         -0.4466   0.9590   0.2173   0.3937   0.2223   0.2790   1.0000   0.1786  -0.0065  -0.0437   0.5933   0.5215  -0.4543   0.2287   0.2287   0.1431  -0.1147   0.3934   0.0065  -0.0523   0.1805  -0.1790   0.2674  -0.2819   0.4692   0.1821  -0.0829  -0.3106   0.5933  -0.1117  -0.3723   0.2009   0.8816  -0.1727   0.1431  -0.4448  -0.4578   0.0184
bigA         -0.5765   0.1744   0.9991   0.9643   0.9686   0.9946   0.1786   1.0000  -0.9834  -0.9674   0.0052   0.6602   0.0751   0.9673   0.9673   0.8593  -0.9976   0.6208   0.9834  -0.3571   1.0000  -0.9625   0.4172  -0.0208   0.5989   0.9999   0.1112  -0.5078   0.0052   0.7799   0.4749   0.9992   0.5952  -0.9996   0.8593  -0.5759  -0.5562   0.9812
smallb        0.5052   0.0068  -0.9765  -0.9035  -0.9437  -0.9604  -0.0065  -0.9834   1.0000   0.9864   0.1175  -0.5660  -0.1691  -0.9402  -0.9402  -0.8681   0.9909  -0.5633  -1.0000   0.3174  -0.9830   0.9560  -0.3467   0.0002  -0.5026  -0.9828  -0.0899   0.4618   0.1175  -0.8193  -0.5620  -0.9806  -0.4410   0.9840  -0.8681   0.5018   0.4772  -0.9986
q             0.5130   0.0161  -0.9642  -0.8814  -0.9272  -0.9486  -0.0437  -0.9674   0.9864   1.0000   0.1374  -0.5413  -0.1760  -0.9210  -0.9210  -0.9140   0.9689  -0.5787  -0.9864   0.2086  -0.9670   0.9714  -0.2705   0.0865  -0.4494  -0.9668   0.0119   0.4734   0.1374  -0.8137  -0.5692  -0.9708  -0.4388   0.9681  -0.9140   0.5021   0.4725  -0.9937
rk           -0.7323   0.6343   0.0196   0.2158  -0.1316   0.0608   0.5933   0.0052   0.1175   0.1374   1.0000   0.4114  -0.9585  -0.1180  -0.1180   0.1011   0.0183   0.6909  -0.1175   0.2564  -0.0001  -0.0766   0.2909  -0.0002   0.4271  -0.0000   0.2760  -0.7067   1.0000  -0.5956  -0.8716   0.0042   0.5078  -0.0213   0.1011  -0.7699  -0.7921  -0.1242
infl         -0.5529   0.5608   0.6727   0.7916   0.6534   0.6987   0.5215   0.6602  -0.5660  -0.5413   0.4114   1.0000  -0.2940   0.6721   0.6721   0.4529  -0.6374   0.6101   0.5660  -0.4046   0.6608  -0.5861   0.7881  -0.1703   0.9687   0.6613   0.2913  -0.4496   0.4114   0.3379  -0.0049   0.6619   0.7494  -0.6583   0.4529  -0.6664  -0.6847   0.5598
w_h           0.7419  -0.4684   0.0653  -0.1060   0.2500   0.0334  -0.4543   0.0751  -0.1691  -0.1760  -0.9585  -0.2940   1.0000   0.2393   0.2393  -0.1127  -0.0907  -0.6898   0.1691  -0.4299   0.0820   0.0405  -0.1594   0.0158  -0.2874   0.0822  -0.1641   0.7549  -0.9585   0.6730   0.8961   0.0764  -0.3412  -0.0542  -0.1127   0.7518   0.7675   0.1718
w_e          -0.3978   0.2382   0.9702   0.9401   0.9994   0.9703   0.2287   0.9673  -0.9402  -0.9210  -0.1180   0.6721   0.2393   1.0000   1.0000   0.7370  -0.9590   0.4464   0.9402  -0.5282   0.9697  -0.8794   0.4796  -0.0416   0.6282   0.9700   0.1245  -0.3003  -0.1180   0.8679   0.5895   0.9684   0.6316  -0.9596   0.7370  -0.4132  -0.3991   0.9368
w_b          -0.3978   0.2382   0.9702   0.9401   0.9994   0.9703   0.2287   0.9673  -0.9402  -0.9210  -0.1180   0.6721   0.2393   1.0000   1.0000   0.7370  -0.9590   0.4464   0.9402  -0.5282   0.9697  -0.8794   0.4796  -0.0416   0.6282   0.9700   0.1245  -0.3003  -0.1180   0.8679   0.5895   0.9684   0.6316  -0.9596   0.7370  -0.4132  -0.3991   0.9368
Rd           -0.7313   0.0248   0.8606   0.7943   0.7480   0.8504   0.1431   0.8593  -0.8681  -0.9140   0.1011   0.4529  -0.1127   0.7370   0.7370   1.0000  -0.8539   0.7741   0.8681   0.1687   0.8560  -0.9655   0.0637  -0.1965   0.3089   0.8558  -0.2018  -0.7212   0.1011   0.5456   0.2865   0.8686   0.4366  -0.8689   1.0000  -0.6805  -0.6426   0.8853
Ra            0.5619  -0.1189  -0.9938  -0.9503  -0.9603  -0.9855  -0.1147  -0.9976   0.9909   0.9689   0.0183  -0.6374  -0.0907  -0.9590  -0.9590  -0.8539   1.0000  -0.6083  -0.9909   0.3626  -0.9973   0.9579  -0.4133  -0.0089  -0.5823  -0.9972  -0.1319   0.5016   0.0183  -0.7849  -0.4901  -0.9945  -0.5460   0.9979  -0.8539   0.5621   0.5422  -0.9868
lam          -0.9798   0.3413   0.6270   0.6994   0.4432   0.6405   0.3934   0.6208  -0.5633  -0.5787   0.6909   0.6101  -0.6898   0.4464   0.4464   0.7741  -0.6083   1.0000   0.5633   0.2712   0.6146  -0.7379   0.2890  -0.1101   0.5286   0.6144   0.1036  -0.9690   0.6909   0.0155  -0.3380   0.6243   0.5690  -0.6392   0.7741  -0.9874  -0.9767   0.5699
mu           -0.5052  -0.0068   0.9765   0.9035   0.9437   0.9604   0.0065   0.9834  -1.0000  -0.9864  -0.1175   0.5660   0.1691   0.9402   0.9402   0.8681  -0.9909   0.5633   1.0000  -0.3174   0.9830  -0.9560   0.3467  -0.0002   0.5026   0.9828   0.0899  -0.4618  -0.1175   0.8193   0.5620   0.9806   0.4410  -0.9840   0.8681  -0.5018  -0.4772   0.9986
p            -0.2802  -0.2497  -0.3529  -0.3900  -0.5124  -0.3603  -0.0523  -0.3571   0.3174   0.2086   0.2564  -0.4046  -0.4299  -0.5282  -0.5282   0.1687   0.3626   0.2712  -0.3174   1.0000  -0.3636   0.0903  -0.6434  -0.3014  -0.5421  -0.3639  -0.5329  -0.3934   0.2564  -0.5555  -0.4635  -0.3398  -0.3190   0.3374   0.1687  -0.1963  -0.1681  -0.2836
TL           -0.5701   0.1767   0.9992   0.9643   0.9710   0.9949   0.1805   1.0000  -0.9830  -0.9670  -0.0001   0.6608   0.0820   0.9697   0.9697   0.8560  -0.9973   0.6146   0.9830  -0.3636   1.0000  -0.9606   0.4189  -0.0217   0.5999   1.0000   0.1110  -0.5003  -0.0001   0.7845   0.4804   0.9992   0.5971  -0.9992   0.8560  -0.5699  -0.5504   0.9808
mc            0.6931  -0.1158  -0.9630  -0.9148  -0.8854  -0.9563  -0.1790  -0.9625   0.9560   0.9714  -0.0766  -0.5861   0.0405  -0.8794  -0.8794  -0.9655   0.9579  -0.7379  -0.9560   0.0903  -0.9606   1.0000  -0.2559   0.1141  -0.4798  -0.9605   0.0411   0.6520  -0.0766  -0.6731  -0.3752  -0.9669  -0.5444   0.9676  -0.9655   0.6678   0.6385  -0.9637
s            -0.2234   0.4049   0.4186   0.5471   0.4489   0.4365   0.2674   0.4172  -0.3467  -0.2705   0.2909   0.7881  -0.1594   0.4796   0.4796   0.0637  -0.4133   0.2890   0.3467  -0.6434   0.4189  -0.2559   1.0000   0.0645   0.8919   0.4191   0.6049  -0.1354   0.2909   0.2424  -0.0044   0.4054   0.4865  -0.4117   0.0637  -0.3887  -0.4254   0.3234
mgrowth       0.0588  -0.1356  -0.0389  -0.0482  -0.0449  -0.0502  -0.2819  -0.0208   0.0002   0.0865  -0.0002  -0.1703   0.0158  -0.0416  -0.0416  -0.1965  -0.0089  -0.1101  -0.0002  -0.3014  -0.0217   0.1141   0.0645   1.0000  -0.0252  -0.0225   0.5839   0.0382  -0.0002  -0.0335  -0.0208  -0.0437  -0.1611   0.0178  -0.1965   0.0686   0.0559  -0.0277
expinfl      -0.4716   0.5619   0.6077   0.7443   0.6045   0.6339   0.4692   0.5989  -0.5026  -0.4494   0.4271   0.9687  -0.2874   0.6282   0.6282   0.3089  -0.5823   0.5286   0.5026  -0.5421   0.5999  -0.4798   0.8919  -0.0252   1.0000   0.6003   0.4988  -0.3655   0.4271   0.2946  -0.0405   0.5941   0.7087  -0.5958   0.3089  -0.6113  -0.6397   0.4871
smalld       -0.5699   0.1781   0.9993   0.9646   0.9713   0.9950   0.1821   0.9999  -0.9828  -0.9668  -0.0000   0.6613   0.0822   0.9700   0.9700   0.8558  -0.9972   0.6144   0.9828  -0.3639   1.0000  -0.9605   0.4191  -0.0225   0.6003   1.0000   0.1105  -0.4998  -0.0000   0.7847   0.4804   0.9993   0.5983  -0.9992   0.8558  -0.5697  -0.5502   0.9806
gY           -0.0519   0.0986   0.0982   0.1851   0.1029   0.0999  -0.0829   0.1112  -0.0899   0.0119   0.2760   0.2913  -0.1641   0.1245   0.1245  -0.2018  -0.1319   0.1036   0.0899  -0.5329   0.1110   0.0411   0.6049   0.5839   0.4988   0.1105   1.0000  -0.0305   0.2760  -0.0374  -0.1666   0.0877   0.0832  -0.1117  -0.2018  -0.2069  -0.2458   0.0577
totC          0.9844  -0.2635  -0.5104  -0.5727  -0.3005  -0.5204  -0.3106  -0.5078   0.4618   0.4734  -0.7067  -0.4496   0.7549  -0.3003  -0.3003  -0.7212   0.5016  -0.9690  -0.4618  -0.3934  -0.5003   0.6520  -0.1354   0.0382  -0.3655  -0.4998  -0.0305   1.0000  -0.7067   0.1105   0.4219  -0.5084  -0.4513   0.5301  -0.7212   0.9502   0.9358  -0.4669
u            -0.7323   0.6343   0.0196   0.2158  -0.1316   0.0608   0.5933   0.0052   0.1175   0.1374   1.0000   0.4114  -0.9585  -0.1180  -0.1180   0.1011   0.0183   0.6909  -0.1175   0.2564  -0.0001  -0.0766   0.2909  -0.0002   0.4271  -0.0000   0.2760  -0.7067   1.0000  -0.5956  -0.8716   0.0042   0.5078  -0.0213   0.1011  -0.7699  -0.7921  -0.1242
keff          0.0445  -0.1245   0.7750   0.6526   0.8743   0.7545  -0.1117   0.7799  -0.8193  -0.8137  -0.5956   0.3379   0.6730   0.8679   0.8679   0.5456  -0.7849   0.0155   0.8193  -0.5555   0.7845  -0.6731   0.2424  -0.0335   0.2946   0.7847  -0.0374   0.1105  -0.5956   1.0000   0.9128   0.7813   0.2569  -0.7656   0.5456   0.0509   0.0734   0.8199
K             0.3955  -0.4022   0.4645   0.2891   0.6005   0.4307  -0.3723   0.4749  -0.5620  -0.5692  -0.8716  -0.0049   0.8961   0.5895   0.5895   0.2865  -0.4901  -0.3380   0.5620  -0.4635   0.4804  -0.3752  -0.0044  -0.0208  -0.0405   0.4804  -0.1666   0.4219  -0.8716   0.9128   1.0000   0.4763  -0.1034  -0.4582   0.2865   0.4196   0.4450   0.5660
Kb           -0.5789   0.1867   0.9997   0.9649   0.9702   0.9962   0.2009   0.9992  -0.9806  -0.9708   0.0042   0.6619   0.0764   0.9684   0.9684   0.8686  -0.9945   0.6243   0.9806  -0.3398   0.9992  -0.9669   0.4054  -0.0437   0.5941   0.9993   0.0877  -0.5084   0.0042   0.7813   0.4763   1.0000   0.6078  -0.9985   0.8686  -0.5769  -0.5564   0.9804
Ke           -0.6008   0.8914   0.6240   0.7666   0.6239   0.6735   0.8816   0.5952  -0.4410  -0.4388   0.5078   0.7494  -0.3412   0.6316   0.6316   0.4366  -0.5460   0.5690   0.4410  -0.3190   0.5971  -0.5444   0.4865  -0.1611   0.7087   0.5983   0.0832  -0.4513   0.5078   0.2569  -0.1034   0.6078   1.0000  -0.5894   0.4366  -0.6087  -0.6166   0.4416
gammag        0.5953  -0.1676  -0.9982  -0.9637  -0.9609  -0.9933  -0.1727  -0.9996   0.9840   0.9681  -0.0213  -0.6583  -0.0542  -0.9596  -0.9596  -0.8689   0.9979  -0.6392  -0.9840   0.3374  -0.9992   0.9676  -0.4117   0.0178  -0.5958  -0.9992  -0.1117   0.5301  -0.0213  -0.7656  -0.4582  -0.9985  -0.5894   1.0000  -0.8689   0.5936   0.5735  -0.9819
rnot         -0.7313   0.0248   0.8606   0.7943   0.7480   0.8504   0.1431   0.8593  -0.8681  -0.9140   0.1011   0.4529  -0.1127   0.7370   0.7370   1.0000  -0.8539   0.7741   0.8681   0.1687   0.8560  -0.9655   0.0637  -0.1965   0.3089   0.8558  -0.2018  -0.7212   0.1011   0.5456   0.2865   0.8686   0.4366  -0.8689   1.0000  -0.6805  -0.6426   0.8853
util          0.9715  -0.4240  -0.5830  -0.6872  -0.4054  -0.6021  -0.4448  -0.5759   0.5018   0.5021  -0.7699  -0.6664   0.7518  -0.4132  -0.4132  -0.6805   0.5621  -0.9874  -0.5018  -0.1963  -0.5699   0.6678  -0.3887   0.0686  -0.6113  -0.5697  -0.2069   0.9502  -0.7699   0.0509   0.4196  -0.5769  -0.6087   0.5936  -0.6805   1.0000   0.9983  -0.5033
welf          0.9604  -0.4478  -0.5635  -0.6782  -0.3896  -0.5844  -0.4578  -0.5562   0.4772   0.4725  -0.7921  -0.6847   0.7675  -0.3991  -0.3991  -0.6426   0.5422  -0.9767  -0.4772  -0.1681  -0.5504   0.6385  -0.4254   0.0559  -0.6397  -0.5502  -0.2458   0.9358  -0.7921   0.0734   0.4450  -0.5564  -0.6166   0.5735  -0.6426   0.9983   1.0000  -0.4771
BVaR         -0.5092  -0.0098   0.9755   0.8991   0.9412   0.9595   0.0184   0.9812  -0.9986  -0.9937  -0.1242   0.5598   0.1718   0.9368   0.9368   0.8853  -0.9868   0.5699   0.9986  -0.2836   0.9808  -0.9637   0.3234  -0.0277   0.4871   0.9806   0.0577  -0.4669  -0.1242   0.8199   0.5660   0.9804   0.4416  -0.9819   0.8853  -0.5033  -0.4771   1.0000



COEFFICIENTS OF AUTOCORRELATION
Order           1       2       3       4       5
ch         0.9877  0.9559  0.9091  0.8513  0.7865
Ce         0.9538  0.8622  0.7482  0.6295  0.5190
Cb         0.9785  0.9323  0.8728  0.8067  0.7385
H          0.9707  0.9070  0.8258  0.7382  0.6516
Y          0.9788  0.9327  0.8739  0.8104  0.7474
I          0.9785  0.9308  0.8684  0.7987  0.7267
bigN       0.9620  0.8708  0.7570  0.6404  0.5337
bigA       0.9775  0.9301  0.8706  0.8059  0.7396
smallb     0.9772  0.9333  0.8805  0.8239  0.7657
q          0.9739  0.9352  0.8854  0.8272  0.7637
rk         0.9913  0.9719  0.9463  0.9178  0.8884
infl       0.9509  0.8295  0.6642  0.4810  0.3013
w_h        0.9969  0.9887  0.9766  0.9616  0.9447
w_e        0.9766  0.9264  0.8634  0.7963  0.7307
w_b        0.9766  0.9264  0.8634  0.7963  0.7307
Rd         0.9594  0.8951  0.8131  0.7204  0.6235
Ra         0.9754  0.9253  0.8652  0.8019  0.7386
lam        0.9670  0.9184  0.8565  0.7848  0.7073
mu         0.9772  0.9333  0.8805  0.8239  0.7657
p          0.8549  0.6680  0.4805  0.3165  0.1885
TL         0.9775  0.9302  0.8708  0.8062  0.7401
mc         0.9778  0.9329  0.8719  0.8001  0.7223
s          0.8337  0.6086  0.3786  0.1721  0.0037
mgrowth    0.1195 -0.0173 -0.0914 -0.1252 -0.1323
expinfl    0.9219  0.7809  0.6055  0.4203  0.2447
smalld     0.9776  0.9303  0.8709  0.8062  0.7401
gY         0.5890  0.2997  0.1110 -0.0135 -0.0920
totC       0.9854  0.9507  0.9011  0.8408  0.7736
u          0.9913  0.9719  0.9463  0.9178  0.8884
keff       0.9930  0.9777  0.9579  0.9359  0.9134
K          0.9990  0.9960  0.9912  0.9847  0.9766
Kb         0.9789  0.9343  0.8765  0.8117  0.7443
Ke         0.9674  0.8872  0.7792  0.6612  0.5470
gammag     0.9773  0.9296  0.8699  0.8048  0.7380
rnot       0.9594  0.8951  0.8131  0.7204  0.6235
util       0.9689  0.9223  0.8632  0.7952  0.7221
welf       0.9670  0.9188  0.8584  0.7898  0.7167
BVaR       0.9776  0.9370  0.8865  0.8302  0.7708
Total computing time : 0h00m05s
Note: warning(s) encountered in MATLAB/Octave code
